point cloud with 30522 points in dimension 768
value range: [0.15424,2.89267]
distance matrix with 30522 points, using threshold at enclosing radius 2.06595
persistence intervals in dim 0:
 [0,0.15424)
 [0,0.155393)
 [0,0.155618)
 [0,0.156082)
 [0,0.156334)
 [0,0.156753)
 [0,0.156906)
 [0,0.156994)
 [0,0.157073)
 [0,0.157135)
 [0,0.157335)
 [0,0.15743)
 [0,0.157432)
 [0,0.157454)
 [0,0.157536)
 [0,0.157605)
 [0,0.157896)
 [0,0.157925)
 [0,0.157943)
 [0,0.157985)
 [0,0.158099)
 [0,0.158151)
 [0,0.158152)
 [0,0.158284)
 [0,0.158415)
 [0,0.158451)
 [0,0.158471)
 [0,0.15849)
 [0,0.158496)
 [0,0.158509)
 [0,0.158529)
 [0,0.158586)
 [0,0.158657)
 [0,0.15866)
 [0,0.158691)
 [0,0.158697)
 [0,0.158778)
 [0,0.15888)
 [0,0.15889)
 [0,0.158923)
 [0,0.158943)
 [0,0.15897)
 [0,0.158991)
 [0,0.159049)
 [0,0.159068)
 [0,0.15914)
 [0,0.159141)
 [0,0.159162)
 [0,0.159172)
 [0,0.159182)
 [0,0.159214)
 [0,0.15922)
 [0,0.159224)
 [0,0.159238)
 [0,0.159303)
 [0,0.159304)
 [0,0.15931)
 [0,0.159319)
 [0,0.15932)
 [0,0.159325)
 [0,0.159356)
 [0,0.159406)
 [0,0.159429)
 [0,0.159459)
 [0,0.159478)
 [0,0.159507)
 [0,0.159549)
 [0,0.159576)
 [0,0.159593)
 [0,0.159634)
 [0,0.159648)
 [0,0.159665)
 [0,0.159696)
 [0,0.159709)
 [0,0.159716)
 [0,0.159728)
 [0,0.159732)
 [0,0.159781)
 [0,0.159877)
 [0,0.159915)
 [0,0.15992)
 [0,0.159944)
 [0,0.159971)
 [0,0.159985)
 [0,0.159999)
 [0,0.160005)
 [0,0.160008)
 [0,0.160011)
 [0,0.160083)
 [0,0.160084)
 [0,0.160105)
 [0,0.160109)
 [0,0.160109)
 [0,0.160116)
 [0,0.160134)
 [0,0.160135)
 [0,0.160145)
 [0,0.160167)
 [0,0.160188)
 [0,0.160194)
 [0,0.160203)
 [0,0.16021)
 [0,0.160251)
 [0,0.160252)
 [0,0.160261)
 [0,0.160263)
 [0,0.160271)
 [0,0.160327)
 [0,0.16033)
 [0,0.16034)
 [0,0.160347)
 [0,0.160351)
 [0,0.16037)
 [0,0.160372)
 [0,0.160414)
 [0,0.160442)
 [0,0.160453)
 [0,0.160456)
 [0,0.160461)
 [0,0.160474)
 [0,0.160501)
 [0,0.160504)
 [0,0.160506)
 [0,0.160517)
 [0,0.160539)
 [0,0.160554)
 [0,0.16057)
 [0,0.160582)
 [0,0.160602)
 [0,0.160605)
 [0,0.160624)
 [0,0.160645)
 [0,0.160649)
 [0,0.160662)
 [0,0.160663)
 [0,0.160668)
 [0,0.160675)
 [0,0.160694)
 [0,0.160714)
 [0,0.160715)
 [0,0.160716)
 [0,0.160719)
 [0,0.160728)
 [0,0.160736)
 [0,0.160759)
 [0,0.160778)
 [0,0.160782)
 [0,0.160789)
 [0,0.160791)
 [0,0.160824)
 [0,0.160839)
 [0,0.160841)
 [0,0.160843)
 [0,0.160865)
 [0,0.160869)
 [0,0.160875)
 [0,0.160908)
 [0,0.160912)
 [0,0.16092)
 [0,0.16094)
 [0,0.160946)
 [0,0.160954)
 [0,0.160958)
 [0,0.160971)
 [0,0.160972)
 [0,0.160974)
 [0,0.160988)
 [0,0.160994)
 [0,0.160999)
 [0,0.161006)
 [0,0.16101)
 [0,0.161023)
 [0,0.161034)
 [0,0.16104)
 [0,0.161043)
 [0,0.161058)
 [0,0.161065)
 [0,0.161067)
 [0,0.161069)
 [0,0.161076)
 [0,0.161079)
 [0,0.161082)
 [0,0.161085)
 [0,0.16109)
 [0,0.161093)
 [0,0.161094)
 [0,0.161105)
 [0,0.161105)
 [0,0.16111)
 [0,0.161126)
 [0,0.16114)
 [0,0.161163)
 [0,0.161164)
 [0,0.16117)
 [0,0.161179)
 [0,0.16118)
 [0,0.161194)
 [0,0.161195)
 [0,0.161201)
 [0,0.161205)
 [0,0.161208)
 [0,0.161209)
 [0,0.161209)
 [0,0.161209)
 [0,0.16121)
 [0,0.161212)
 [0,0.161216)
 [0,0.161227)
 [0,0.161229)
 [0,0.16123)
 [0,0.161235)
 [0,0.161236)
 [0,0.161264)
 [0,0.16127)
 [0,0.16127)
 [0,0.161274)
 [0,0.161278)
 [0,0.161293)
 [0,0.161294)
 [0,0.161295)
 [0,0.161306)
 [0,0.161313)
 [0,0.161332)
 [0,0.161342)
 [0,0.161358)
 [0,0.161359)
 [0,0.161363)
 [0,0.161365)
 [0,0.161382)
 [0,0.161401)
 [0,0.161407)
 [0,0.161451)
 [0,0.161454)
 [0,0.161456)
 [0,0.161461)
 [0,0.161464)
 [0,0.161469)
 [0,0.161477)
 [0,0.16148)
 [0,0.161485)
 [0,0.161488)
 [0,0.161489)
 [0,0.161492)
 [0,0.161517)
 [0,0.161518)
 [0,0.16152)
 [0,0.16152)
 [0,0.161526)
 [0,0.161538)
 [0,0.16154)
 [0,0.161557)
 [0,0.161562)
 [0,0.161563)
 [0,0.16157)
 [0,0.161571)
 [0,0.161575)
 [0,0.161583)
 [0,0.161603)
 [0,0.161608)
 [0,0.16162)
 [0,0.161621)
 [0,0.161623)
 [0,0.161633)
 [0,0.161645)
 [0,0.161652)
 [0,0.161654)
 [0,0.161661)
 [0,0.161662)
 [0,0.161669)
 [0,0.16167)
 [0,0.161672)
 [0,0.161677)
 [0,0.16168)
 [0,0.161681)
 [0,0.161682)
 [0,0.161684)
 [0,0.161687)
 [0,0.161689)
 [0,0.16169)
 [0,0.161697)
 [0,0.161703)
 [0,0.161711)
 [0,0.161714)
 [0,0.161725)
 [0,0.161726)
 [0,0.161729)
 [0,0.16174)
 [0,0.161749)
 [0,0.161751)
 [0,0.161752)
 [0,0.161764)
 [0,0.161767)
 [0,0.161773)
 [0,0.161774)
 [0,0.161798)
 [0,0.161801)
 [0,0.161819)
 [0,0.16182)
 [0,0.161822)
 [0,0.161827)
 [0,0.16184)
 [0,0.161844)
 [0,0.161851)
 [0,0.16186)
 [0,0.161869)
 [0,0.161885)
 [0,0.161887)
 [0,0.161902)
 [0,0.161907)
 [0,0.161916)
 [0,0.16192)
 [0,0.161931)
 [0,0.161936)
 [0,0.161965)
 [0,0.161969)
 [0,0.16197)
 [0,0.161986)
 [0,0.161999)
 [0,0.16201)
 [0,0.162012)
 [0,0.162016)
 [0,0.162019)
 [0,0.162022)
 [0,0.162037)
 [0,0.162041)
 [0,0.162042)
 [0,0.162046)
 [0,0.162046)
 [0,0.16205)
 [0,0.162062)
 [0,0.162063)
 [0,0.162066)
 [0,0.162067)
 [0,0.16208)
 [0,0.162089)
 [0,0.162094)
 [0,0.162095)
 [0,0.162096)
 [0,0.162098)
 [0,0.162099)
 [0,0.162106)
 [0,0.162107)
 [0,0.162109)
 [0,0.162117)
 [0,0.162125)
 [0,0.162138)
 [0,0.162139)
 [0,0.162145)
 [0,0.162164)
 [0,0.162172)
 [0,0.162194)
 [0,0.16221)
 [0,0.162222)
 [0,0.162223)
 [0,0.162228)
 [0,0.162235)
 [0,0.162237)
 [0,0.162238)
 [0,0.162246)
 [0,0.162247)
 [0,0.162261)
 [0,0.162267)
 [0,0.162274)
 [0,0.162281)
 [0,0.162285)
 [0,0.162289)
 [0,0.162295)
 [0,0.162298)
 [0,0.16231)
 [0,0.162331)
 [0,0.162336)
 [0,0.162336)
 [0,0.162337)
 [0,0.162347)
 [0,0.162348)
 [0,0.162349)
 [0,0.16235)
 [0,0.162356)
 [0,0.162371)
 [0,0.162377)
 [0,0.16238)
 [0,0.162387)
 [0,0.162388)
 [0,0.162391)
 [0,0.162403)
 [0,0.162406)
 [0,0.162407)
 [0,0.162409)
 [0,0.162411)
 [0,0.162414)
 [0,0.162418)
 [0,0.162427)
 [0,0.162427)
 [0,0.162433)
 [0,0.162436)
 [0,0.162438)
 [0,0.162443)
 [0,0.162448)
 [0,0.162454)
 [0,0.162459)
 [0,0.162465)
 [0,0.162466)
 [0,0.162476)
 [0,0.162477)
 [0,0.162481)
 [0,0.162498)
 [0,0.1625)
 [0,0.162506)
 [0,0.162514)
 [0,0.162518)
 [0,0.162521)
 [0,0.162523)
 [0,0.16253)
 [0,0.162532)
 [0,0.162533)
 [0,0.162535)
 [0,0.162545)
 [0,0.162546)
 [0,0.162556)
 [0,0.162559)
 [0,0.162567)
 [0,0.162567)
 [0,0.162568)
 [0,0.16258)
 [0,0.162589)
 [0,0.162594)
 [0,0.162598)
 [0,0.162601)
 [0,0.162601)
 [0,0.162606)
 [0,0.162619)
 [0,0.162625)
 [0,0.162625)
 [0,0.162641)
 [0,0.162652)
 [0,0.162653)
 [0,0.162657)
 [0,0.16266)
 [0,0.162661)
 [0,0.162667)
 [0,0.162672)
 [0,0.162673)
 [0,0.162681)
 [0,0.162685)
 [0,0.162709)
 [0,0.162712)
 [0,0.162723)
 [0,0.162727)
 [0,0.162728)
 [0,0.16273)
 [0,0.162732)
 [0,0.16274)
 [0,0.162744)
 [0,0.162748)
 [0,0.162757)
 [0,0.162768)
 [0,0.162785)
 [0,0.162809)
 [0,0.162818)
 [0,0.162823)
 [0,0.162823)
 [0,0.162826)
 [0,0.162831)
 [0,0.162841)
 [0,0.162853)
 [0,0.162856)
 [0,0.162863)
 [0,0.162867)
 [0,0.162876)
 [0,0.162876)
 [0,0.162876)
 [0,0.162889)
 [0,0.162892)
 [0,0.162896)
 [0,0.162904)
 [0,0.162905)
 [0,0.162907)
 [0,0.162919)
 [0,0.162937)
 [0,0.162939)
 [0,0.16296)
 [0,0.162964)
 [0,0.162979)
 [0,0.162983)
 [0,0.162988)
 [0,0.162992)
 [0,0.162993)
 [0,0.162995)
 [0,0.163001)
 [0,0.163005)
 [0,0.163013)
 [0,0.163017)
 [0,0.163018)
 [0,0.163021)
 [0,0.163033)
 [0,0.163038)
 [0,0.16304)
 [0,0.163044)
 [0,0.163046)
 [0,0.163052)
 [0,0.163053)
 [0,0.163062)
 [0,0.163074)
 [0,0.163084)
 [0,0.163091)
 [0,0.163096)
 [0,0.163096)
 [0,0.1631)
 [0,0.163102)
 [0,0.163109)
 [0,0.163143)
 [0,0.163146)
 [0,0.163157)
 [0,0.163159)
 [0,0.163168)
 [0,0.163172)
 [0,0.163176)
 [0,0.163186)
 [0,0.163199)
 [0,0.163208)
 [0,0.163214)
 [0,0.163228)
 [0,0.163229)
 [0,0.163249)
 [0,0.163261)
 [0,0.163264)
 [0,0.163278)
 [0,0.163284)
 [0,0.163287)
 [0,0.163297)
 [0,0.163299)
 [0,0.163307)
 [0,0.163314)
 [0,0.163318)
 [0,0.163319)
 [0,0.163323)
 [0,0.163325)
 [0,0.163332)
 [0,0.163337)
 [0,0.163338)
 [0,0.163348)
 [0,0.163357)
 [0,0.163358)
 [0,0.163369)
 [0,0.163375)
 [0,0.16339)
 [0,0.163397)
 [0,0.163402)
 [0,0.163408)
 [0,0.163408)
 [0,0.163425)
 [0,0.163434)
 [0,0.163434)
 [0,0.163446)
 [0,0.163447)
 [0,0.163452)
 [0,0.163486)
 [0,0.163487)
 [0,0.163489)
 [0,0.16349)
 [0,0.163505)
 [0,0.16351)
 [0,0.163511)
 [0,0.163523)
 [0,0.163524)
 [0,0.16353)
 [0,0.163538)
 [0,0.16354)
 [0,0.163546)
 [0,0.163552)
 [0,0.163557)
 [0,0.16357)
 [0,0.163579)
 [0,0.16358)
 [0,0.16359)
 [0,0.163601)
 [0,0.163602)
 [0,0.163602)
 [0,0.163603)
 [0,0.163606)
 [0,0.163614)
 [0,0.163615)
 [0,0.163617)
 [0,0.163617)
 [0,0.163619)
 [0,0.163641)
 [0,0.163655)
 [0,0.163658)
 [0,0.163659)
 [0,0.163665)
 [0,0.163672)
 [0,0.163673)
 [0,0.163676)
 [0,0.163688)
 [0,0.163689)
 [0,0.163695)
 [0,0.163696)
 [0,0.163705)
 [0,0.163729)
 [0,0.163734)
 [0,0.163741)
 [0,0.163744)
 [0,0.163765)
 [0,0.163766)
 [0,0.163778)
 [0,0.163778)
 [0,0.163781)
 [0,0.163786)
 [0,0.163791)
 [0,0.1638)
 [0,0.163803)
 [0,0.163809)
 [0,0.163812)
 [0,0.163816)
 [0,0.163818)
 [0,0.163842)
 [0,0.163843)
 [0,0.163844)
 [0,0.163848)
 [0,0.163849)
 [0,0.163849)
 [0,0.163867)
 [0,0.163869)
 [0,0.16389)
 [0,0.163905)
 [0,0.163915)
 [0,0.163916)
 [0,0.163919)
 [0,0.163923)
 [0,0.163932)
 [0,0.163936)
 [0,0.163938)
 [0,0.163939)
 [0,0.163941)
 [0,0.163953)
 [0,0.163969)
 [0,0.163974)
 [0,0.163981)
 [0,0.163984)
 [0,0.163984)
 [0,0.163993)
 [0,0.163994)
 [0,0.164001)
 [0,0.164001)
 [0,0.164013)
 [0,0.164014)
 [0,0.164019)
 [0,0.164022)
 [0,0.164037)
 [0,0.164043)
 [0,0.164048)
 [0,0.164051)
 [0,0.164056)
 [0,0.164062)
 [0,0.164062)
 [0,0.164088)
 [0,0.164089)
 [0,0.164099)
 [0,0.164102)
 [0,0.164104)
 [0,0.164109)
 [0,0.164114)
 [0,0.164119)
 [0,0.164121)
 [0,0.164129)
 [0,0.164134)
 [0,0.164141)
 [0,0.164143)
 [0,0.164149)
 [0,0.164154)
 [0,0.164157)
 [0,0.164161)
 [0,0.164162)
 [0,0.164166)
 [0,0.164167)
 [0,0.164168)
 [0,0.16417)
 [0,0.164171)
 [0,0.164176)
 [0,0.164186)
 [0,0.164192)
 [0,0.164195)
 [0,0.164204)
 [0,0.164212)
 [0,0.164216)
 [0,0.164232)
 [0,0.164233)
 [0,0.164241)
 [0,0.164258)
 [0,0.164263)
 [0,0.164269)
 [0,0.164272)
 [0,0.164273)
 [0,0.164276)
 [0,0.164284)
 [0,0.164287)
 [0,0.164295)
 [0,0.164307)
 [0,0.164314)
 [0,0.16432)
 [0,0.164323)
 [0,0.164326)
 [0,0.164328)
 [0,0.164336)
 [0,0.164338)
 [0,0.164358)
 [0,0.164358)
 [0,0.164366)
 [0,0.164369)
 [0,0.16437)
 [0,0.164379)
 [0,0.164383)
 [0,0.164394)
 [0,0.164397)
 [0,0.164399)
 [0,0.1644)
 [0,0.164407)
 [0,0.16441)
 [0,0.16442)
 [0,0.164429)
 [0,0.164434)
 [0,0.164436)
 [0,0.164438)
 [0,0.164453)
 [0,0.16446)
 [0,0.164463)
 [0,0.16447)
 [0,0.164474)
 [0,0.164484)
 [0,0.164489)
 [0,0.164489)
 [0,0.16449)
 [0,0.164497)
 [0,0.164517)
 [0,0.164518)
 [0,0.164526)
 [0,0.16453)
 [0,0.164538)
 [0,0.164542)
 [0,0.164542)
 [0,0.164544)
 [0,0.164551)
 [0,0.164562)
 [0,0.16458)
 [0,0.164583)
 [0,0.164585)
 [0,0.16459)
 [0,0.164605)
 [0,0.164618)
 [0,0.164625)
 [0,0.164638)
 [0,0.164652)
 [0,0.164664)
 [0,0.164664)
 [0,0.164671)
 [0,0.164678)
 [0,0.164685)
 [0,0.164687)
 [0,0.164697)
 [0,0.1647)
 [0,0.16473)
 [0,0.164738)
 [0,0.16475)
 [0,0.164753)
 [0,0.164759)
 [0,0.164764)
 [0,0.164771)
 [0,0.164775)
 [0,0.16478)
 [0,0.164783)
 [0,0.16479)
 [0,0.1648)
 [0,0.1648)
 [0,0.164825)
 [0,0.164828)
 [0,0.164828)
 [0,0.164845)
 [0,0.164845)
 [0,0.164852)
 [0,0.164858)
 [0,0.164859)
 [0,0.164867)
 [0,0.164875)
 [0,0.164881)
 [0,0.164888)
 [0,0.164899)
 [0,0.1649)
 [0,0.164912)
 [0,0.164913)
 [0,0.164913)
 [0,0.164939)
 [0,0.164946)
 [0,0.164947)
 [0,0.164952)
 [0,0.164969)
 [0,0.164973)
 [0,0.164973)
 [0,0.164975)
 [0,0.164984)
 [0,0.164989)
 [0,0.165001)
 [0,0.165009)
 [0,0.165016)
 [0,0.165019)
 [0,0.165027)
 [0,0.165031)
 [0,0.165081)
 [0,0.165092)
 [0,0.165098)
 [0,0.165111)
 [0,0.16512)
 [0,0.165139)
 [0,0.165161)
 [0,0.165165)
 [0,0.165184)
 [0,0.165187)
 [0,0.165188)
 [0,0.165198)
 [0,0.165201)
 [0,0.165203)
 [0,0.165207)
 [0,0.165208)
 [0,0.165224)
 [0,0.165229)
 [0,0.165243)
 [0,0.165243)
 [0,0.16525)
 [0,0.165263)
 [0,0.165274)
 [0,0.165275)
 [0,0.16528)
 [0,0.165305)
 [0,0.165321)
 [0,0.165332)
 [0,0.165356)
 [0,0.165365)
 [0,0.165366)
 [0,0.165367)
 [0,0.165368)
 [0,0.165377)
 [0,0.165386)
 [0,0.16541)
 [0,0.165467)
 [0,0.165471)
 [0,0.165483)
 [0,0.165488)
 [0,0.165495)
 [0,0.165498)
 [0,0.165503)
 [0,0.165505)
 [0,0.165516)
 [0,0.165525)
 [0,0.165538)
 [0,0.165553)
 [0,0.16556)
 [0,0.165594)
 [0,0.165595)
 [0,0.165596)
 [0,0.165635)
 [0,0.165647)
 [0,0.165664)
 [0,0.16567)
 [0,0.165683)
 [0,0.165687)
 [0,0.165688)
 [0,0.165691)
 [0,0.165691)
 [0,0.16572)
 [0,0.165728)
 [0,0.165755)
 [0,0.165761)
 [0,0.165788)
 [0,0.165822)
 [0,0.165823)
 [0,0.165824)
 [0,0.16584)
 [0,0.165862)
 [0,0.165866)
 [0,0.165901)
 [0,0.165905)
 [0,0.165922)
 [0,0.165927)
 [0,0.16593)
 [0,0.165936)
 [0,0.165937)
 [0,0.165946)
 [0,0.165951)
 [0,0.165986)
 [0,0.166023)
 [0,0.166025)
 [0,0.16603)
 [0,0.16606)
 [0,0.166069)
 [0,0.166075)
 [0,0.166117)
 [0,0.166138)
 [0,0.166157)
 [0,0.166171)
 [0,0.166199)
 [0,0.16621)
 [0,0.166221)
 [0,0.166245)
 [0,0.16625)
 [0,0.166268)
 [0,0.166312)
 [0,0.166313)
 [0,0.166314)
 [0,0.166326)
 [0,0.166342)
 [0,0.166351)
 [0,0.166356)
 [0,0.166374)
 [0,0.166382)
 [0,0.166382)
 [0,0.166397)
 [0,0.166403)
 [0,0.166474)
 [0,0.166482)
 [0,0.166483)
 [0,0.166508)
 [0,0.16652)
 [0,0.16653)
 [0,0.166594)
 [0,0.166594)
 [0,0.166621)
 [0,0.166643)
 [0,0.166643)
 [0,0.166648)
 [0,0.16665)
 [0,0.16666)
 [0,0.166682)
 [0,0.166708)
 [0,0.166737)
 [0,0.16674)
 [0,0.16674)
 [0,0.166796)
 [0,0.166813)
 [0,0.166875)
 [0,0.166909)
 [0,0.166913)
 [0,0.166919)
 [0,0.166942)
 [0,0.166955)
 [0,0.166995)
 [0,0.166999)
 [0,0.167013)
 [0,0.167028)
 [0,0.167098)
 [0,0.167123)
 [0,0.167158)
 [0,0.167183)
 [0,0.167188)
 [0,0.167197)
 [0,0.16723)
 [0,0.167254)
 [0,0.167293)
 [0,0.167302)
 [0,0.167324)
 [0,0.167351)
 [0,0.167393)
 [0,0.167433)
 [0,0.167447)
 [0,0.167484)
 [0,0.167509)
 [0,0.167543)
 [0,0.167556)
 [0,0.167561)
 [0,0.16765)
 [0,0.167655)
 [0,0.167669)
 [0,0.167685)
 [0,0.167707)
 [0,0.167714)
 [0,0.167721)
 [0,0.167868)
 [0,0.167998)
 [0,0.168089)
 [0,0.16809)
 [0,0.168093)
 [0,0.168109)
 [0,0.168162)
 [0,0.168164)
 [0,0.168364)
 [0,0.168366)
 [0,0.168421)
 [0,0.169064)
 [0,0.169137)
 [0,0.169182)
 [0,0.169252)
 [0,0.169304)
 [0,0.169415)
 [0,0.169467)
 [0,0.17038)
 [0,0.171335)
